Build started 4/16/2016 2:04:07 PM.
     1>Project "C:\Users\Nypro\Desktop\Code\Visual Studio Projects\UtilityDump\UtilityDump\UtilityDump.vcxproj" on node 2 (Build target(s)).
     1>ClCompile:
         C:\Program Files (x86)\Microsoft Visual Studio 12.0\VC\bin\CL.exe /c /Zi /nologo /W3 /WX- /sdl /O2 /Oi /Oy- /GL /D _MBCS /Gm- /EHsc /MD /GS /Gy /fp:precise /Zc:wchar_t /Zc:forScope /Fo"Release\\" /Fd"Release\vc120.pdb" /Gd /TP /analyze- /errorReport:prompt Line2f.cpp Vec2f.cpp Vec4f.cpp main.cpp xMath.cpp
         Line2f.cpp
         Vec2f.cpp
         Vec4f.cpp
         main.cpp
     1>main.cpp(22): warning C4305: 'argument' : truncation from 'double' to 'float'
     1>main.cpp(37): warning C4305: '+=' : truncation from 'double' to 'float'
         xMath.cpp
     1>xMath.cpp(214): warning C4244: 'return' : conversion from 'double' to 'float', possible loss of data
     1>xMath.cpp(221): warning C4244: 'return' : conversion from 'double' to 'float', possible loss of data
     1>xMath.cpp(383): warning C4244: 'argument' : conversion from 'double' to 'float', possible loss of data
     1>xMath.cpp(403): warning C4244: 'argument' : conversion from 'double' to 'float', possible loss of data
     1>xMath.cpp(421): warning C4305: '+=' : truncation from 'double' to 'float'
     1>xMath.cpp(444): warning C4305: '+=' : truncation from 'double' to 'float'
     1>xMath.cpp(502): warning C4244: 'argument' : conversion from 'double' to 'float', possible loss of data
     1>xMath.cpp(502): warning C4244: '=' : conversion from 'double' to 'float', possible loss of data
     1>xMath.cpp(519): warning C4244: 'argument' : conversion from 'double' to 'float', possible loss of data
     1>xMath.cpp(519): warning C4244: '=' : conversion from 'double' to 'float', possible loss of data
     1>xMath.cpp(536): warning C4305: '+=' : truncation from 'double' to 'float'
     1>xMath.cpp(559): warning C4305: '+=' : truncation from 'double' to 'float'
       Link:
         C:\Program Files (x86)\Microsoft Visual Studio 12.0\VC\bin\link.exe /ERRORREPORT:PROMPT /OUT:"C:\Users\Nypro\Desktop\Code\Visual Studio Projects\UtilityDump\Release\UtilityDump.exe" /NOLOGO kernel32.lib user32.lib gdi32.lib winspool.lib comdlg32.lib advapi32.lib shell32.lib ole32.lib oleaut32.lib uuid.lib odbc32.lib odbccp32.lib /MANIFEST /MANIFESTUAC:"level='asInvoker' uiAccess='false'" /manifest:embed /DEBUG /PDB:"C:\Users\Nypro\Desktop\Code\Visual Studio Projects\UtilityDump\Release\UtilityDump.pdb" /OPT:REF /OPT:ICF /LTCG /TLBID:1 /DYNAMICBASE /NXCOMPAT /IMPLIB:"C:\Users\Nypro\Desktop\Code\Visual Studio Projects\UtilityDump\Release\UtilityDump.lib" /MACHINE:X86 /SAFESEH Release\xMath.obj
         Release\main.obj
         Release\Mat4f.obj
         Release\Line2f.obj
         Release\Vec2f.obj
         Release\Vec4f.obj
         Generating code
         Finished generating code
         UtilityDump.vcxproj -> C:\Users\Nypro\Desktop\Code\Visual Studio Projects\UtilityDump\Release\UtilityDump.exe
     1>Done Building Project "C:\Users\Nypro\Desktop\Code\Visual Studio Projects\UtilityDump\UtilityDump\UtilityDump.vcxproj" (Build target(s)).

Build succeeded.

Time Elapsed 00:00:06.30
